Determining if the pthread_create exist failed with the following output:
Change Dir: /storage/vietkq/advancedhpc2019/labwork/build/CMakeFiles/CMakeTmp

Run Build Command:"/usr/bin/make" "cmTC_81f73/fast"
/usr/bin/make -f CMakeFiles/cmTC_81f73.dir/build.make CMakeFiles/cmTC_81f73.dir/build
make[1]: Entering directory '/storage/vietkq/advancedhpc2019/labwork/build/CMakeFiles/CMakeTmp'
Building C object CMakeFiles/cmTC_81f73.dir/CheckSymbolExists.c.o
/usr/bin/gcc-6    -fPIC    -o CMakeFiles/cmTC_81f73.dir/CheckSymbolExists.c.o   -c /storage/vietkq/advancedhpc2019/labwork/build/CMakeFiles/CMakeTmp/CheckSymbolExists.c
Linking C executable cmTC_81f73
/usr/bin/cmake -E cmake_link_script CMakeFiles/cmTC_81f73.dir/link.txt --verbose=1
/usr/bin/gcc-6  -fPIC     CMakeFiles/cmTC_81f73.dir/CheckSymbolExists.c.o  -o cmTC_81f73 -rdynamic 
CMakeFiles/cmTC_81f73.dir/CheckSymbolExists.c.o: In function `main':
CheckSymbolExists.c:(.text+0x1b): undefined reference to `pthread_create'
collect2: error: ld returned 1 exit status
CMakeFiles/cmTC_81f73.dir/build.make:97: recipe for target 'cmTC_81f73' failed
make[1]: *** [cmTC_81f73] Error 1
make[1]: Leaving directory '/storage/vietkq/advancedhpc2019/labwork/build/CMakeFiles/CMakeTmp'
Makefile:126: recipe for target 'cmTC_81f73/fast' failed
make: *** [cmTC_81f73/fast] Error 2

File /storage/vietkq/advancedhpc2019/labwork/build/CMakeFiles/CMakeTmp/CheckSymbolExists.c:
/* */
#include <pthread.h>

int main(int argc, char** argv)
{
  (void)argv;
#ifndef pthread_create
  return ((int*)(&pthread_create))[argc];
#else
  (void)argc;
  return 0;
#endif
}

Determining if the function pthread_create exists in the pthreads failed with the following output:
Change Dir: /storage/vietkq/advancedhpc2019/labwork/build/CMakeFiles/CMakeTmp

Run Build Command:"/usr/bin/make" "cmTC_4c58e/fast"
/usr/bin/make -f CMakeFiles/cmTC_4c58e.dir/build.make CMakeFiles/cmTC_4c58e.dir/build
make[1]: Entering directory '/storage/vietkq/advancedhpc2019/labwork/build/CMakeFiles/CMakeTmp'
Building C object CMakeFiles/cmTC_4c58e.dir/CheckFunctionExists.c.o
/usr/bin/gcc-6    -fPIC -DCHECK_FUNCTION_EXISTS=pthread_create   -o CMakeFiles/cmTC_4c58e.dir/CheckFunctionExists.c.o   -c /usr/share/cmake-3.7/Modules/CheckFunctionExists.c
Linking C executable cmTC_4c58e
/usr/bin/cmake -E cmake_link_script CMakeFiles/cmTC_4c58e.dir/link.txt --verbose=1
/usr/bin/gcc-6  -fPIC -DCHECK_FUNCTION_EXISTS=pthread_create    CMakeFiles/cmTC_4c58e.dir/CheckFunctionExists.c.o  -o cmTC_4c58e -rdynamic -lpthreads 
/usr/bin/ld: cannot find -lpthreads
collect2: error: ld returned 1 exit status
CMakeFiles/cmTC_4c58e.dir/build.make:97: recipe for target 'cmTC_4c58e' failed
make[1]: *** [cmTC_4c58e] Error 1
make[1]: Leaving directory '/storage/vietkq/advancedhpc2019/labwork/build/CMakeFiles/CMakeTmp'
Makefile:126: recipe for target 'cmTC_4c58e/fast' failed
make: *** [cmTC_4c58e/fast] Error 2


