Determining if the pthread_create exist failed with the following output:
Change Dir: /storage/vietkq/AdvancedHPC2/Day2/Student/CMakeFiles/CMakeTmp

Run Build Command:"/usr/bin/make" "cmTC_3a7b7/fast"
make[1]: Entering directory '/storage/vietkq/AdvancedHPC2/Day2/Student/CMakeFiles/CMakeTmp'
/usr/bin/make -f CMakeFiles/cmTC_3a7b7.dir/build.make CMakeFiles/cmTC_3a7b7.dir/build
make[2]: Entering directory '/storage/vietkq/AdvancedHPC2/Day2/Student/CMakeFiles/CMakeTmp'
Building CXX object CMakeFiles/cmTC_3a7b7.dir/CheckSymbolExists.cxx.o
/usr/bin/c++      -o CMakeFiles/cmTC_3a7b7.dir/CheckSymbolExists.cxx.o -c /storage/vietkq/AdvancedHPC2/Day2/Student/CMakeFiles/CMakeTmp/CheckSymbolExists.cxx
Linking CXX executable cmTC_3a7b7
/usr/bin/cmake -E cmake_link_script CMakeFiles/cmTC_3a7b7.dir/link.txt --verbose=1
/usr/bin/c++         CMakeFiles/cmTC_3a7b7.dir/CheckSymbolExists.cxx.o  -o cmTC_3a7b7 -rdynamic 
CMakeFiles/cmTC_3a7b7.dir/CheckSymbolExists.cxx.o: In function `main':
CheckSymbolExists.cxx:(.text+0x1b): undefined reference to `pthread_create'
collect2: error: ld returned 1 exit status
CMakeFiles/cmTC_3a7b7.dir/build.make:97: recipe for target 'cmTC_3a7b7' failed
make[2]: *** [cmTC_3a7b7] Error 1
make[2]: Leaving directory '/storage/vietkq/AdvancedHPC2/Day2/Student/CMakeFiles/CMakeTmp'
Makefile:126: recipe for target 'cmTC_3a7b7/fast' failed
make[1]: *** [cmTC_3a7b7/fast] Error 2
make[1]: Leaving directory '/storage/vietkq/AdvancedHPC2/Day2/Student/CMakeFiles/CMakeTmp'

File /storage/vietkq/AdvancedHPC2/Day2/Student/CMakeFiles/CMakeTmp/CheckSymbolExists.cxx:
/* */
#include <pthread.h>

int main(int argc, char** argv)
{
  (void)argv;
#ifndef pthread_create
  return ((int*)(&pthread_create))[argc];
#else
  (void)argc;
  return 0;
#endif
}

Determining if the function pthread_create exists in the pthreads failed with the following output:
Change Dir: /storage/vietkq/AdvancedHPC2/Day2/Student/CMakeFiles/CMakeTmp

Run Build Command:"/usr/bin/make" "cmTC_44ac0/fast"
make[1]: Entering directory '/storage/vietkq/AdvancedHPC2/Day2/Student/CMakeFiles/CMakeTmp'
/usr/bin/make -f CMakeFiles/cmTC_44ac0.dir/build.make CMakeFiles/cmTC_44ac0.dir/build
make[2]: Entering directory '/storage/vietkq/AdvancedHPC2/Day2/Student/CMakeFiles/CMakeTmp'
Building CXX object CMakeFiles/cmTC_44ac0.dir/CheckFunctionExists.cxx.o
/usr/bin/c++     -DCHECK_FUNCTION_EXISTS=pthread_create   -o CMakeFiles/cmTC_44ac0.dir/CheckFunctionExists.cxx.o -c /storage/vietkq/AdvancedHPC2/Day2/Student/CMakeFiles/CheckLibraryExists/CheckFunctionExists.cxx
Linking CXX executable cmTC_44ac0
/usr/bin/cmake -E cmake_link_script CMakeFiles/cmTC_44ac0.dir/link.txt --verbose=1
/usr/bin/c++     -DCHECK_FUNCTION_EXISTS=pthread_create    CMakeFiles/cmTC_44ac0.dir/CheckFunctionExists.cxx.o  -o cmTC_44ac0 -rdynamic -lpthreads 
/usr/bin/ld: cannot find -lpthreads
collect2: error: ld returned 1 exit status
CMakeFiles/cmTC_44ac0.dir/build.make:97: recipe for target 'cmTC_44ac0' failed
make[2]: *** [cmTC_44ac0] Error 1
make[2]: Leaving directory '/storage/vietkq/AdvancedHPC2/Day2/Student/CMakeFiles/CMakeTmp'
Makefile:126: recipe for target 'cmTC_44ac0/fast' failed
make[1]: *** [cmTC_44ac0/fast] Error 2
make[1]: Leaving directory '/storage/vietkq/AdvancedHPC2/Day2/Student/CMakeFiles/CMakeTmp'


